0 info it worked if it ends with ok
1 verbose cli [ '/usr/local/bin/node', '/usr/local/bin/npm', 'start' ]
2 info using npm@3.10.10
3 info using node@v6.10.3
4 verbose run-script [ 'prestart', 'start', 'poststart' ]
5 info lifecycle Steepshot-web@2.4.1~prestart: Steepshot-web@2.4.1
6 silly lifecycle Steepshot-web@2.4.1~prestart: no script for prestart, continuing
7 info lifecycle Steepshot-web@2.4.1~start: Steepshot-web@2.4.1
8 verbose lifecycle Steepshot-web@2.4.1~start: unsafe-perm in lifecycle true
9 verbose lifecycle Steepshot-web@2.4.1~start: PATH: /usr/local/lib/node_modules/npm/bin/node-gyp-bin:/Users/anton/steepshot-web/node_modules/.bin:/usr/local/sbin:/Users/anton/.rvm/gems/ruby-2.3.0/bin:/Users/anton/.rvm/gems/ruby-2.3.0@global/bin:/Users/anton/.rvm/rubies/ruby-2.3.0/bin:/Library/Frameworks/Python.framework/Versions/3.4/bin:/usr/local/mysql/bin:/usr/local/mysql/bin:/usr/local/bin:/usr/bin:/bin:/usr/sbin:/sbin:/usr/local/sbin:/Users/anton/.rvm/gems/ruby-2.3.0/bin:/Users/anton/.rvm/gems/ruby-2.3.0@global/bin:/Users/anton/.rvm/rubies/ruby-2.3.0/bin:/Library/Frameworks/Python.framework/Versions/3.4/bin:/usr/local/mysql/bin:/Users/anton/.rvm/bin
10 verbose lifecycle Steepshot-web@2.4.1~start: CWD: /Users/anton/steepshot-web
11 silly lifecycle Steepshot-web@2.4.1~start: Args: [ '-c', 'npm run watch' ]
12 silly lifecycle Steepshot-web@2.4.1~start: Returned: code: 1  signal: null
13 info lifecycle Steepshot-web@2.4.1~start: Failed to exec start script
14 verbose stack Error: Steepshot-web@2.4.1 start: `npm run watch`
14 verbose stack Exit status 1
14 verbose stack     at EventEmitter.<anonymous> (/usr/local/lib/node_modules/npm/lib/utils/lifecycle.js:255:16)
14 verbose stack     at emitTwo (events.js:106:13)
14 verbose stack     at EventEmitter.emit (events.js:191:7)
14 verbose stack     at ChildProcess.<anonymous> (/usr/local/lib/node_modules/npm/lib/utils/spawn.js:40:14)
14 verbose stack     at emitTwo (events.js:106:13)
14 verbose stack     at ChildProcess.emit (events.js:191:7)
14 verbose stack     at maybeClose (internal/child_process.js:886:16)
14 verbose stack     at Process.ChildProcess._handle.onexit (internal/child_process.js:226:5)
15 verbose pkgid Steepshot-web@2.4.1
16 verbose cwd /Users/anton/steepshot-web
17 error Darwin 15.6.0
18 error argv "/usr/local/bin/node" "/usr/local/bin/npm" "start"
19 error node v6.10.3
20 error npm  v3.10.10
21 error code ELIFECYCLE
22 error Steepshot-web@2.4.1 start: `npm run watch`
22 error Exit status 1
23 error Failed at the Steepshot-web@2.4.1 start script 'npm run watch'.
23 error Make sure you have the latest version of node.js and npm installed.
23 error If you do, this is most likely a problem with the Steepshot-web package,
23 error not with npm itself.
23 error Tell the author that this fails on your system:
23 error     npm run watch
23 error You can get information on how to open an issue for this project with:
23 error     npm bugs Steepshot-web
23 error Or if that isn't available, you can get their info via:
23 error     npm owner ls Steepshot-web
23 error There is likely additional logging output above.
24 verbose exit [ 1, true ]
